usearch v11.0.667_i86linux32, 4.0Gb RAM (196Gb total), 56 cores
Started Sun Jul 16 18:07:23 2023

WARNING: Max OMP threads 1
00:00 11Mb    100.0% DF
Merge thread data 0 secs
5557 seqs, 5429 uniques, 5305 singletons (97.7%)
Min size 1, median 1, max 4, avg 1.02
00:00 15Mb    100.0% DB
00:05 39Mb    100.0% 5362 clusters, max size 10, avg 1.0
00:08 39Mb    100.0% Building MSAs

8 secs (00:08)  44Mb Result: 5362 clusters, max size 10, avg 1.0

      Seqs  5429
  Clusters  5362
  Max size  10
  Avg size  1.0
  Min size  1
Singletons  5202, 95.8% of seqs, 97.0% of clusters
   Max mem  44Mb
      Time  8.00s
Throughput  678.6 seqs/sec.


Finished Sun Jul 16 18:07:31 2023
Elapsed time 00:08
Max memory 44Mb
